2011-10-04 20:04:51 Warning: Warning (512): /var/www/hemaroteca/app/tmp/cache/persistent/ is not writable in [/var/www/hemaroteca/cake/libs/cache/file.php, line 278]
2011-10-04 20:04:51 Warning: Warning (512): /var/www/hemaroteca/app/tmp/cache/models/ is not writable in [/var/www/hemaroteca/cake/libs/cache/file.php, line 278]
2011-10-04 20:05:04 Warning: Warning (512): /var/www/hemaroteca/app/tmp/cache/persistent/ is not writable in [/var/www/hemaroteca/cake/libs/cache/file.php, line 278]
2011-10-04 20:05:04 Warning: Warning (512): /var/www/hemaroteca/app/tmp/cache/models/ is not writable in [/var/www/hemaroteca/cake/libs/cache/file.php, line 278]
2011-10-04 20:05:05 Warning: Warning (512): /var/www/hemaroteca/app/tmp/cache/persistent/ is not writable in [/var/www/hemaroteca/cake/libs/cache/file.php, line 278]
2011-10-04 20:05:05 Warning: Warning (512): /var/www/hemaroteca/app/tmp/cache/models/ is not writable in [/var/www/hemaroteca/cake/libs/cache/file.php, line 278]
2011-10-04 21:13:49 Warning: Warning (512): <span style="color:Red;text-align:left"><b>SQL Error:</b> 1062: Duplicate entry '0' for key 'PRIMARY'</span> in [/var/www/hemaroteca/cake/libs/model/datasources/dbo_source.php, line 684]
2011-10-04 21:45:50 Warning: Warning (2): Invalid argument supplied for foreach() in [/var/www/hemaroteca/cake/libs/view/helpers/form.php, line 1088]
2011-10-04 22:17:44 Warning: Warning (2): move_uploaded_file(/var/www/hemaroteca/uploadssql_bolso.pdf) [http://php.net/function.move-uploaded-file]: failed to open stream: Permission denied in [/var/www/hemaroteca/app/controllers/arquivos_controller.php, line 24]
2011-10-04 22:17:44 Warning: Warning (2): move_uploaded_file() [http://php.net/function.move-uploaded-file]: Unable to move '/tmp/phpZYVVWf' to '/var/www/hemaroteca/uploadssql_bolso.pdf' in [/var/www/hemaroteca/app/controllers/arquivos_controller.php, line 24]
2011-10-05 00:13:43 Warning: Warning (512): <span style="color:Red;text-align:left"><b>SQL Error:</b> 1451: Cannot delete or update a parent row: a foreign key constraint fails (`hemaroteca`.`arquivos`, CONSTRAINT `fk_arquivos_publicacaos` FOREIGN KEY (`publicacao_id`) REFERENCES `publicacaos` (`id`) ON DELETE NO ACTION ON UPDATE NO ACTION)</span> in [/var/www/hemaroteca/cake/libs/model/datasources/dbo_source.php, line 684]
2011-10-05 00:15:50 Warning: Warning (512): <span style="color:Red;text-align:left"><b>SQL Error:</b> 1451: Cannot delete or update a parent row: a foreign key constraint fails (`hemaroteca`.`arquivos`, CONSTRAINT `fk_arquivos_publicacaos` FOREIGN KEY (`publicacao_id`) REFERENCES `publicacaos` (`id`) ON DELETE NO ACTION ON UPDATE NO ACTION)</span> in [/var/www/hemaroteca/cake/libs/model/datasources/dbo_source.php, line 684]
2011-10-05 00:17:46 Warning: Warning (512): <span style="color:Red;text-align:left"><b>SQL Error:</b> 1451: Cannot delete or update a parent row: a foreign key constraint fails (`hemaroteca`.`arquivos`, CONSTRAINT `fk_arquivos_publicacaos` FOREIGN KEY (`publicacao_id`) REFERENCES `publicacaos` (`id`) ON DELETE NO ACTION ON UPDATE NO ACTION)</span> in [/var/www/hemaroteca/cake/libs/model/datasources/dbo_source.php, line 684]
2011-10-05 00:56:36 Warning: Warning (2): unlink(/var/www/hemaroteca/uploads/Ubuntu_Tie_by_sixty8doors.jpg) [http://php.net/function.unlink]: No such file or directory in [/var/www/hemaroteca/app/controllers/publicacaos_controller.php, line 128]
2011-10-05 00:56:36 Warning: Warning (2): unlink(/var/www/hemaroteca/uploads/gemini_saga.png) [http://php.net/function.unlink]: No such file or directory in [/var/www/hemaroteca/app/controllers/publicacaos_controller.php, line 128]
2011-10-05 00:56:37 Warning: Warning (512): <span style="color:Red;text-align:left"><b>SQL Error:</b> 1451: Cannot delete or update a parent row: a foreign key constraint fails (`hemaroteca`.`arquivos`, CONSTRAINT `fk_arquivos_publicacaos` FOREIGN KEY (`publicacao_id`) REFERENCES `publicacaos` (`id`) ON DELETE NO ACTION ON UPDATE NO ACTION)</span> in [/var/www/hemaroteca/cake/libs/model/datasources/dbo_source.php, line 684]
2011-10-05 00:56:37 Warning: Warning (2): Cannot modify header information - headers already sent by (output started at /var/www/hemaroteca/cake/libs/debugger.php:683) in [/var/www/hemaroteca/cake/libs/controller/controller.php, line 742]
2011-10-05 01:01:34 Warning: Warning (2): unlink(/var/www/hemaroteca/uploads/Ubuntu_Tie_by_sixty8doors.jpg) [http://php.net/function.unlink]: No such file or directory in [/var/www/hemaroteca/app/controllers/publicacaos_controller.php, line 128]
2011-10-05 01:01:34 Warning: Warning (2): unlink(/var/www/hemaroteca/uploads/gemini_saga.png) [http://php.net/function.unlink]: No such file or directory in [/var/www/hemaroteca/app/controllers/publicacaos_controller.php, line 128]
2011-10-05 01:01:34 Warning: Warning (512): <span style="color:Red;text-align:left"><b>SQL Error:</b> 1451: Cannot delete or update a parent row: a foreign key constraint fails (`hemaroteca`.`arquivos`, CONSTRAINT `fk_arquivos_publicacaos` FOREIGN KEY (`publicacao_id`) REFERENCES `publicacaos` (`id`) ON DELETE NO ACTION ON UPDATE NO ACTION)</span> in [/var/www/hemaroteca/cake/libs/model/datasources/dbo_source.php, line 684]
2011-10-05 01:01:34 Warning: Warning (2): Cannot modify header information - headers already sent by (output started at /var/www/hemaroteca/cake/libs/debugger.php:683) in [/var/www/hemaroteca/cake/libs/controller/controller.php, line 742]
2011-10-05 01:03:55 Warning: Warning (2): unlink(/var/www/hemaroteca/uploads/Ubuntu_Tie_by_sixty8doors.jpg) [http://php.net/function.unlink]: No such file or directory in [/var/www/hemaroteca/app/controllers/publicacaos_controller.php, line 128]
2011-10-05 01:05:35 Warning: Warning (2): unlink(/var/www/hemaroteca/uploads/Ubuntu_Tie_by_sixty8doors.jpg) [http://php.net/function.unlink]: No such file or directory in [/var/www/hemaroteca/app/controllers/publicacaos_controller.php, line 128]
2011-10-05 01:08:44 Warning: Warning (2): unlink(/var/www/hemaroteca/uploads/gemini_saga.png) [http://php.net/function.unlink]: No such file or directory in [/var/www/hemaroteca/app/controllers/publicacaos_controller.php, line 128]
2011-10-05 01:08:44 Warning: Warning (512): <span style="color:Red;text-align:left"><b>SQL Error:</b> 1451: Cannot delete or update a parent row: a foreign key constraint fails (`hemaroteca`.`arquivos`, CONSTRAINT `fk_arquivos_publicacaos` FOREIGN KEY (`publicacao_id`) REFERENCES `publicacaos` (`id`) ON DELETE NO ACTION ON UPDATE NO ACTION)</span> in [/var/www/hemaroteca/cake/libs/model/datasources/dbo_source.php, line 684]
2011-10-05 01:08:44 Warning: Warning (2): Cannot modify header information - headers already sent by (output started at /var/www/hemaroteca/cake/libs/debugger.php:683) in [/var/www/hemaroteca/cake/libs/controller/controller.php, line 742]
2011-10-13 21:49:19 Warning: Warning (512): /var/www/hemaroteca/app/tmp/cache/persistent/ is not writable in [/var/www/hemaroteca/cake/libs/cache/file.php, line 278]
2011-10-13 21:49:19 Warning: Warning (512): /var/www/hemaroteca/app/tmp/cache/models/ is not writable in [/var/www/hemaroteca/cake/libs/cache/file.php, line 278]
2011-10-13 21:49:19 Warning: Warning (512): /var/www/hemaroteca/app/tmp/cache/persistent/ is not writable in [/var/www/hemaroteca/cake/libs/cache/file.php, line 278]
2011-10-13 21:49:19 Warning: Warning (512): /var/www/hemaroteca/app/tmp/cache/models/ is not writable in [/var/www/hemaroteca/cake/libs/cache/file.php, line 278]
2011-10-13 21:49:20 Warning: Warning (512): /var/www/hemaroteca/app/tmp/cache/persistent/ is not writable in [/var/www/hemaroteca/cake/libs/cache/file.php, line 278]
2011-10-13 21:49:20 Warning: Warning (512): /var/www/hemaroteca/app/tmp/cache/models/ is not writable in [/var/www/hemaroteca/cake/libs/cache/file.php, line 278]
2011-10-17 12:51:43 Warning: Warning (2): Invalid argument supplied for foreach() in [/var/www/hemaroteca/app/views/veiculos/index.ctp, line 24]
2011-10-17 12:52:17 Warning: Warning (2): Invalid argument supplied for foreach() in [/var/www/hemaroteca/app/views/veiculos/index.ctp, line 24]
2011-10-17 12:52:30 Warning: Warning (2): Invalid argument supplied for foreach() in [/var/www/hemaroteca/app/views/veiculos/index.ctp, line 24]
2011-10-17 12:53:07 Warning: Warning (2): Invalid argument supplied for foreach() in [/var/www/hemaroteca/app/views/veiculos/index.ctp, line 24]
2011-10-17 12:53:08 Warning: Warning (2): Invalid argument supplied for foreach() in [/var/www/hemaroteca/app/views/veiculos/index.ctp, line 24]
2011-10-17 20:04:26 Warning: Warning (512): <span style="color:Red;text-align:left"><b>SQL Error:</b> 1146: Table 'hemaroteca.labs' doesn't exist</span> in [/var/www/hemaroteca/cake/libs/model/datasources/dbo_source.php, line 684]
2011-10-17 20:04:26 Warning: Warning (512): <span style="color:Red;text-align:left"><b>SQL Error:</b> 1064: You have an error in your SQL syntax; check the manual that corresponds to your MySQL server version for the right syntax to use near 'FROM `labs` AS `Lab`   WHERE 1 = 1    LIMIT 20' at line 1</span> in [/var/www/hemaroteca/cake/libs/model/datasources/dbo_source.php, line 684]
2011-10-17 20:04:26 Warning: Warning (2): Invalid argument supplied for foreach() in [/var/www/hemaroteca/app/views/labs/index.ctp, line 14]
2011-10-17 22:33:09 Warning: Warning (2): move_uploaded_file(/var/www/hemaroteca/app/webroot/img/uploads/Assassins-Creed-Brotherhood-Ezio-Auditore.jpg) [http://php.net/function.move-uploaded-file]: failed to open stream: Permission denied in [/var/www/hemaroteca/app/controllers/arquivos_controller.php, line 25]
2011-10-17 22:33:09 Warning: Warning (2): move_uploaded_file() [http://php.net/function.move-uploaded-file]: Unable to move '/tmp/phpJw3itl' to '/var/www/hemaroteca/app/webroot/img/uploads/Assassins-Creed-Brotherhood-Ezio-Auditore.jpg' in [/var/www/hemaroteca/app/controllers/arquivos_controller.php, line 25]
2011-10-17 22:33:50 Warning: Warning (512): <span style="color:Red;text-align:left"><b>SQL Error:</b> 1452: Cannot add or update a child row: a foreign key constraint fails (`hemaroteca`.`arquivos`, CONSTRAINT `fk_arquivos_publicacaos` FOREIGN KEY (`publicacao_id`) REFERENCES `publicacaos` (`id`) ON DELETE NO ACTION ON UPDATE NO ACTION)</span> in [/var/www/hemaroteca/cake/libs/model/datasources/dbo_source.php, line 684]
2011-10-17 23:00:11 Warning: Warning (512): <span style="color:Red;text-align:left"><b>SQL Error:</b> 1048: Column 'tipo_arquivo' cannot be null</span> in [/var/www/hemaroteca/cake/libs/model/datasources/dbo_source.php, line 684]
